#
# There is insufficient memory for the Java Runtime Environment to continue.
# Native memory allocation (malloc) failed to allocate 2235856 bytes for Chunk::new
# Possible reasons:
#   The system is out of physical RAM or swap space
#   In 32 bit mode, the process size limit was hit
# Possible solutions:
#   Reduce memory load on the system
#   Increase physical memory or swap space
#   Check if swap backing store is full
#   Use 64 bit Java on a 64 bit OS
#   Decrease Java heap size (-Xmx/-Xms)
#   Decrease number of Java threads
#   Decrease Java thread stack sizes (-Xss)
#   Set larger code cache with -XX:ReservedCodeCacheSize=
# This output file may be truncated or incomplete.
#
#  Out of Memory Error (allocation.cpp:390), pid=1224, tid=0x0000000000001a44
#
# JRE version: Java(TM) SE Runtime Environment (8.0_161-b12) (build 1.8.0_161-b12)
# Java VM: Java HotSpot(TM) 64-Bit Server VM (25.161-b12 mixed mode windows-amd64 compressed oops)
# Failed to write core dump. Minidumps are not enabled by default on client versions of Windows
#

---------------  T H R E A D  ---------------

Current thread (0x000000000756e800):  JavaThread "C2 CompilerThread1" daemon [_thread_in_native, id=6724, stack(0x000000000a120000,0x000000000a220000)]

Stack: [0x000000000a120000,0x000000000a220000]
[error occurred during error reporting (printing stack bounds), id 0xc0000005]

Native frames: (J=compiled Java code, j=interpreted, Vv=VM code, C=native code)


Current CompileTask:
C2:  47533 2366       4       java.net.URLClassLoader$1::run (5 bytes)


---------------  P R O C E S S  ---------------

Java Threads: ( => current thread )
  0x00000000087c7000 JavaThread "Service Thread" daemon [_thread_blocked, id=4516, stack(0x000000000a610000,0x000000000a710000)]
  0x0000000008738000 JavaThread "C1 CompilerThread3" daemon [_thread_blocked, id=8936, stack(0x000000000a280000,0x000000000a380000)]
  0x0000000008737000 JavaThread "C2 CompilerThread2" daemon [_thread_blocked, id=5684, stack(0x000000000a380000,0x000000000a480000)]
=>0x000000000756e800 JavaThread "C2 CompilerThread1" daemon [_thread_in_native, id=6724, stack(0x000000000a120000,0x000000000a220000)]
  0x000000000872d000 JavaThread "C2 CompilerThread0" daemon [_thread_in_native, id=8268, stack(0x000000000a000000,0x000000000a100000)]
  0x0000000008729000 JavaThread "Attach Listener" daemon [_thread_blocked, id=8480, stack(0x0000000009e80000,0x0000000009f80000)]
  0x0000000008727800 JavaThread "Signal Dispatcher" daemon [_thread_blocked, id=8540, stack(0x0000000009d40000,0x0000000009e40000)]
  0x0000000007563000 JavaThread "Finalizer" daemon [_thread_blocked, id=8836, stack(0x0000000009b40000,0x0000000009c40000)]
  0x000000000755c000 JavaThread "Reference Handler" daemon [_thread_blocked, id=7108, stack(0x0000000009890000,0x0000000009990000)]
  0x000000000027f000 JavaThread "main" [_thread_in_native, id=3344, stack(0x0000000002690000,0x0000000002790000)]

Other Threads:
  0x0000000007553800 VMThread [stack: 0x00000000096f0000,0x00000000097f0000] [id=6400]
  0x00000000087d2800 WatcherThread [stack: 0x000000000a770000,0x000000000a870000] [id=2668]

VM state:not at safepoint (normal execution)

VM Mutex/Monitor currently owned by a thread: None

Heap:
 PSYoungGen      total 60416K, used 17182K [0x00000000e0780000, 0x00000000e4d80000, 0x0000000100000000)
  eden space 49152K, 19% used [0x00000000e0780000,0x00000000e10b3998,0x00000000e3780000)
  from space 11264K, 68% used [0x00000000e4280000,0x00000000e4a14030,0x00000000e4d80000)
  to   space 11264K, 0% used [0x00000000e3780000,0x00000000e3780000,0x00000000e4280000)
 ParOldGen       total 65536K, used 15507K [0x00000000a1600000, 0x00000000a5600000, 0x00000000e0780000)
  object space 65536K, 23% used [0x00000000a1600000,0x00000000a2524f28,0x00000000a5600000)
 Metaspace       used 15325K, capacity 15638K, committed 15872K, reserved 1062912K
  class space    used 1876K, capacity 1991K, committed 2048K, reserved 1048576K

Card table byte_map: [0x0000000002b50000,0x0000000002e50000] byte_map_base: 0x0000000002645000

Marking Bits: (ParMarkBitMap*) 0x00000000648af860
 Begin Bits: [0x0000000003920000, 0x00000000050c8000)
 End Bits:   [0x00000000050c8000, 0x0000000006870000)

Polling page: 0x0000000000250000

CodeCache: size=245760Kb used=7696Kb max_used=7843Kb free=238063Kb
 bounds [0x000000000f010000, 0x000000000f7d0000, 0x000000001e010000]
 total_blobs=2635 nmethods=2283 adapters=263
 compilation: enabled

Compilation events (10 events):
Event: 47.174 Thread 0x0000000008738000 2400       3       java.io.WinNTFileSystem::hashCode (17 bytes)
Event: 47.174 Thread 0x0000000008738000 nmethod 2400 0x000000000f1551d0 code [0x000000000f155340, 0x000000000f155638]
Event: 47.174 Thread 0x0000000008738000 2401       3       java.util.LinkedList$ListItr::hasNext (20 bytes)
Event: 47.174 Thread 0x0000000008738000 nmethod 2401 0x000000000f154e10 code [0x000000000f154f60, 0x000000000f155110]
Event: 47.174 Thread 0x0000000008738000 2402       3       org.slf4j.impl.SimpleLogger::isLevelEnabled (14 bytes)
Event: 47.175 Thread 0x0000000008738000 nmethod 2402 0x000000000f154a90 code [0x000000000f154be0, 0x000000000f154d90]
Event: 47.175 Thread 0x0000000008738000 2403       3       sun.reflect.ConstructorAccessorImpl::<init> (5 bytes)
Event: 47.175 Thread 0x0000000008738000 nmethod 2403 0x000000000f154650 code [0x000000000f1547c0, 0x000000000f1549d0]
Event: 47.183 Thread 0x0000000008737000 2404       4       sun.nio.fs.WindowsPathParser::isInvalidPathChar (22 bytes)
Event: 47.184 Thread 0x0000000008737000 nmethod 2404 0x000000000f152e50 code [0x000000000f152f80, 0x000000000f153078]

GC Heap History (10 events):
Event: 23.510 GC heap before
{Heap before GC invocations=2 (full 0):
 PSYoungGen      total 28672K, used 28659K [0x00000000e0780000, 0x00000000e2780000, 0x0000000100000000)
  eden space 24576K, 100% used [0x00000000e0780000,0x00000000e1f80000,0x00000000e1f80000)
  from space 4096K, 99% used [0x00000000e1f80000,0x00000000e237cc58,0x00000000e2380000)
  to   space 4096K, 0% used [0x00000000e2380000,0x00000000e2380000,0x00000000e2780000)
 ParOldGen       total 65536K, used 351K [0x00000000a1600000, 0x00000000a5600000, 0x00000000e0780000)
  object space 65536K, 0% used [0x00000000a1600000,0x00000000a1657e18,0x00000000a5600000)
 Metaspace       used 10466K, capacity 10666K, committed 10880K, reserved 1058816K
  class space    used 1306K, capacity 1383K, committed 1408K, reserved 1048576K
Event: 23.518 GC heap after
Heap after GC invocations=2 (full 0):
 PSYoungGen      total 28672K, used 4070K [0x00000000e0780000, 0x00000000e2780000, 0x0000000100000000)
  eden space 24576K, 0% used [0x00000000e0780000,0x00000000e0780000,0x00000000e1f80000)
  from space 4096K, 99% used [0x00000000e2380000,0x00000000e27798e0,0x00000000e2780000)
  to   space 4096K, 0% used [0x00000000e1f80000,0x00000000e1f80000,0x00000000e2380000)
 ParOldGen       total 65536K, used 1760K [0x00000000a1600000, 0x00000000a5600000, 0x00000000e0780000)
  object space 65536K, 2% used [0x00000000a1600000,0x00000000a17b8170,0x00000000a5600000)
 Metaspace       used 10466K, capacity 10666K, committed 10880K, reserved 1058816K
  class space    used 1306K, capacity 1383K, committed 1408K, reserved 1048576K
}
Event: 41.695 GC heap before
{Heap before GC invocations=3 (full 0):
 PSYoungGen      total 28672K, used 28646K [0x00000000e0780000, 0x00000000e2780000, 0x0000000100000000)
  eden space 24576K, 100% used [0x00000000e0780000,0x00000000e1f80000,0x00000000e1f80000)
  from space 4096K, 99% used [0x00000000e2380000,0x00000000e27798e0,0x00000000e2780000)
  to   space 4096K, 0% used [0x00000000e1f80000,0x00000000e1f80000,0x00000000e2380000)
 ParOldGen       total 65536K, used 1760K [0x00000000a1600000, 0x00000000a5600000, 0x00000000e0780000)
  object space 65536K, 2% used [0x00000000a1600000,0x00000000a17b8170,0x00000000a5600000)
 Metaspace       used 13750K, capacity 14038K, committed 14208K, reserved 1060864K
  class space    used 1710K, capacity 1811K, committed 1920K, reserved 1048576K
Event: 41.707 GC heap after
Heap after GC invocations=3 (full 0):
 PSYoungGen      total 28672K, used 4080K [0x00000000e0780000, 0x00000000e2780000, 0x0000000100000000)
  eden space 24576K, 0% used [0x00000000e0780000,0x00000000e0780000,0x00000000e1f80000)
  from space 4096K, 99% used [0x00000000e1f80000,0x00000000e237c010,0x00000000e2380000)
  to   space 4096K, 0% used [0x00000000e2380000,0x00000000e2380000,0x00000000e2780000)
 ParOldGen       total 65536K, used 5249K [0x00000000a1600000, 0x00000000a5600000, 0x00000000e0780000)
  object space 65536K, 8% used [0x00000000a1600000,0x00000000a1b206e8,0x00000000a5600000)
 Metaspace       used 13750K, capacity 14038K, committed 14208K, reserved 1060864K
  class space    used 1710K, capacity 1811K, committed 1920K, reserved 1048576K
}
Event: 45.445 GC heap before
{Heap before GC invocations=4 (full 0):
 PSYoungGen      total 28672K, used 28656K [0x00000000e0780000, 0x00000000e2780000, 0x0000000100000000)
  eden space 24576K, 100% used [0x00000000e0780000,0x00000000e1f80000,0x00000000e1f80000)
  from space 4096K, 99% used [0x00000000e1f80000,0x00000000e237c010,0x00000000e2380000)
  to   space 4096K, 0% used [0x00000000e2380000,0x00000000e2380000,0x00000000e2780000)
 ParOldGen       total 65536K, used 5249K [0x00000000a1600000, 0x00000000a5600000, 0x00000000e0780000)
  object space 65536K, 8% used [0x00000000a1600000,0x00000000a1b206e8,0x00000000a5600000)
 Metaspace       used 14050K, capacity 14324K, committed 14464K, reserved 1062912K
  class space    used 1726K, capacity 1816K, committed 1920K, reserved 1048576K
Event: 45.465 GC heap after
Heap after GC invocations=4 (full 0):
 PSYoungGen      total 28672K, used 4080K [0x00000000e0780000, 0x00000000e2780000, 0x0000000100000000)
  eden space 24576K, 0% used [0x00000000e0780000,0x00000000e0780000,0x00000000e1f80000)
  from space 4096K, 99% used [0x00000000e2380000,0x00000000e277c030,0x00000000e2780000)
  to   space 4096K, 0% used [0x00000000e1f80000,0x00000000e1f80000,0x00000000e2380000)
 ParOldGen       total 65536K, used 11599K [0x00000000a1600000, 0x00000000a5600000, 0x00000000e0780000)
  object space 65536K, 17% used [0x00000000a1600000,0x00000000a2153f18,0x00000000a5600000)
 Metaspace       used 14050K, capacity 14324K, committed 14464K, reserved 1062912K
  class space    used 1726K, capacity 1816K, committed 1920K, reserved 1048576K
}
Event: 45.703 GC heap before
{Heap before GC invocations=5 (full 0):
 PSYoungGen      total 28672K, used 28656K [0x00000000e0780000, 0x00000000e2780000, 0x0000000100000000)
  eden space 24576K, 100% used [0x00000000e0780000,0x00000000e1f80000,0x00000000e1f80000)
  from space 4096K, 99% used [0x00000000e2380000,0x00000000e277c030,0x00000000e2780000)
  to   space 4096K, 0% used [0x00000000e1f80000,0x00000000e1f80000,0x00000000e2380000)
 ParOldGen       total 65536K, used 11599K [0x00000000a1600000, 0x00000000a5600000, 0x00000000e0780000)
  object space 65536K, 17% used [0x00000000a1600000,0x00000000a2153f18,0x00000000a5600000)
 Metaspace       used 14222K, capacity 14458K, committed 14720K, reserved 1062912K
  class space    used 1729K, capacity 1817K, committed 1920K, reserved 1048576K
Event: 45.714 GC heap after
Heap after GC invocations=5 (full 0):
 PSYoungGen      total 28672K, used 4080K [0x00000000e0780000, 0x00000000e4d80000, 0x0000000100000000)
  eden space 24576K, 0% used [0x00000000e0780000,0x00000000e0780000,0x00000000e1f80000)
  from space 4096K, 99% used [0x00000000e1f80000,0x00000000e237c010,0x00000000e2380000)
  to   space 11264K, 0% used [0x00000000e4280000,0x00000000e4280000,0x00000000e4d80000)
 ParOldGen       total 65536K, used 15499K [0x00000000a1600000, 0x00000000a5600000, 0x00000000e0780000)
  object space 65536K, 23% used [0x00000000a1600000,0x00000000a2522f28,0x00000000a5600000)
 Metaspace       used 14222K, capacity 14458K, committed 14720K, reserved 1062912K
  class space    used 1729K, capacity 1817K, committed 1920K, reserved 1048576K
}
Event: 46.169 GC heap before
{Heap before GC invocations=6 (full 0):
 PSYoungGen      total 28672K, used 28656K [0x00000000e0780000, 0x00000000e4d80000, 0x0000000100000000)
  eden space 24576K, 100% used [0x00000000e0780000,0x00000000e1f80000,0x00000000e1f80000)
  from space 4096K, 99% used [0x00000000e1f80000,0x00000000e237c010,0x00000000e2380000)
  to   space 11264K, 0% used [0x00000000e4280000,0x00000000e4280000,0x00000000e4d80000)
 ParOldGen       total 65536K, used 15499K [0x00000000a1600000, 0x00000000a5600000, 0x00000000e0780000)
  object space 65536K, 23% used [0x00000000a1600000,0x00000000a2522f28,0x00000000a5600000)
 Metaspace       used 14421K, capacity 14758K, committed 14976K, reserved 1062912K
  class space    used 1747K, capacity 1851K, committed 1920K, reserved 1048576K
Event: 46.189 GC heap after
Heap after GC invocations=6 (full 0):
 PSYoungGen      total 60416K, used 7760K [0x00000000e0780000, 0x00000000e4d80000, 0x0000000100000000)
  eden space 49152K, 0% used [0x00000000e0780000,0x00000000e0780000,0x00000000e3780000)
  from space 11264K, 68% used [0x00000000e4280000,0x00000000e4a14030,0x00000000e4d80000)
  to   space 11264K, 0% used [0x00000000e3780000,0x00000000e3780000,0x00000000e4280000)
 ParOldGen       total 65536K, used 15507K [0x00000000a1600000, 0x00000000a5600000, 0x00000000e0780000)
  object space 65536K, 23% used [0x00000000a1600000,0x00000000a2524f28,0x00000000a5600000)
 Metaspace       used 14421K, capacity 14758K, committed 14976K, reserved 1062912K
  class space    used 1747K, capacity 1851K, committed 1920K, reserved 1048576K
}

Deoptimization events (10 events):
Event: 46.792 Thread 0x000000000027f000 Uncommon trap: reason=bimorphic action=maybe_recompile pc=0x000000000f68f714 method=java.util.regex.Pattern$BmpCharProperty.match(Ljava/util/regex/Matcher;ILjava/lang/CharSequence;)Z @ 16
Event: 46.792 Thread 0x000000000027f000 Uncommon trap: reason=bimorphic action=maybe_recompile pc=0x000000000f68f714 method=java.util.regex.Pattern$BmpCharProperty.match(Ljava/util/regex/Matcher;ILjava/lang/CharSequence;)Z @ 16
Event: 46.827 Thread 0x000000000027f000 Uncommon trap: reason=null_check action=make_not_entrant pc=0x000000000f28a104 method=com.google.inject.internal.InjectorImpl.callInContext(Lcom/google/inject/internal/ContextualCallable;)Ljava/lang/Object; @ 7
Event: 46.828 Thread 0x000000000027f000 Uncommon trap: reason=class_check action=maybe_recompile pc=0x000000000f71ba98 method=org.eclipse.sisu.plexus.RealmFilteredBeans$FilteredItr.hasNext()Z @ 34
Event: 46.848 Thread 0x000000000027f000 Uncommon trap: reason=unstable_if action=reinterpret pc=0x000000000f564f34 method=java.util.ArrayList.remove(Ljava/lang/Object;)Z @ 46
Event: 46.856 Thread 0x000000000027f000 Uncommon trap: reason=class_check action=maybe_recompile pc=0x000000000f71ba98 method=org.eclipse.sisu.plexus.RealmFilteredBeans$FilteredItr.hasNext()Z @ 34
Event: 46.978 Thread 0x000000000027f000 Uncommon trap: reason=class_check action=maybe_recompile pc=0x000000000f71ba98 method=org.eclipse.sisu.plexus.RealmFilteredBeans$FilteredItr.hasNext()Z @ 34
Event: 47.074 Thread 0x000000000027f000 Uncommon trap: reason=class_check action=maybe_recompile pc=0x000000000f71ba98 method=org.eclipse.sisu.plexus.RealmFilteredBeans$FilteredItr.hasNext()Z @ 34
Event: 47.173 Thread 0x000000000027f000 Uncommon trap: reason=unstable_if action=reinterpret pc=0x000000000f78062c method=java.lang.CharacterDataLatin1.digit(II)I @ 60
Event: 47.174 Thread 0x000000000027f000 Uncommon trap: reason=class_check action=maybe_recompile pc=0x000000000f76a7b4 method=org.eclipse.sisu.plexus.RealmFilteredBeans$FilteredItr.hasNext()Z @ 34

Classes redefined (0 events):
No events

Internal exceptions (10 events):
Event: 31.753 Thread 0x000000000027f000 Exception <a 'java/lang/NullPointerException'> (0x00000000e184f5b0) thrown at [C:\re\workspace\8-2-build-windows-amd64-cygwin\jdk8u161\10277\hotspot\src\share\vm\interpreter\linkResolver.cpp, line 1185]
Event: 31.754 Thread 0x000000000027f000 Exception <a 'java/lang/NullPointerException'> (0x00000000e1854ab0) thrown at [C:\re\workspace\8-2-build-windows-amd64-cygwin\jdk8u161\10277\hotspot\src\share\vm\interpreter\linkResolver.cpp, line 1185]
Event: 31.755 Thread 0x000000000027f000 Exception <a 'java/lang/NullPointerException'> (0x00000000e1854cc8) thrown at [C:\re\workspace\8-2-build-windows-amd64-cygwin\jdk8u161\10277\hotspot\src\share\vm\interpreter\linkResolver.cpp, line 1185]
Event: 31.755 Thread 0x000000000027f000 Exception <a 'java/lang/NullPointerException'> (0x00000000e1854ee0) thrown at [C:\re\workspace\8-2-build-windows-amd64-cygwin\jdk8u161\10277\hotspot\src\share\vm\interpreter\linkResolver.cpp, line 1185]
Event: 41.996 Thread 0x000000000027f000 Implicit null exception at 0x000000000f568316 to 0x000000000f569629
Event: 46.194 Thread 0x000000000027f000 Implicit null exception at 0x000000000f3910c5 to 0x000000000f391299
Event: 46.194 Thread 0x000000000027f000 Implicit null exception at 0x000000000f368b2f to 0x000000000f368b95
Event: 46.209 Thread 0x000000000027f000 Implicit null exception at 0x000000000f6c064f to 0x000000000f6c0b75
Event: 46.295 Thread 0x000000000027f000 Implicit null exception at 0x000000000f1aeddf to 0x000000000f1af021
Event: 46.827 Thread 0x000000000027f000 Implicit null exception at 0x000000000f288f33 to 0x000000000f28a0f5

Events (10 events):
Event: 46.978 Thread 0x000000000027f000 DEOPT UNPACKING pc=0x000000000f05583b sp=0x000000000278e1c0 mode 2
Event: 47.074 Thread 0x000000000027f000 Uncommon trap: trap_request=0xffffffde fr.pc=0x000000000f71ba98
Event: 47.074 Thread 0x000000000027f000 DEOPT PACKING pc=0x000000000f71ba98 sp=0x000000000278e2c0
Event: 47.074 Thread 0x000000000027f000 DEOPT UNPACKING pc=0x000000000f05583b sp=0x000000000278e1c0 mode 2
Event: 47.173 Thread 0x000000000027f000 Uncommon trap: trap_request=0xffffff65 fr.pc=0x000000000f78062c
Event: 47.173 Thread 0x000000000027f000 DEOPT PACKING pc=0x000000000f78062c sp=0x000000000278df40
Event: 47.173 Thread 0x000000000027f000 DEOPT UNPACKING pc=0x000000000f05583b sp=0x000000000278de00 mode 2
Event: 47.174 Thread 0x000000000027f000 Uncommon trap: trap_request=0xffffffde fr.pc=0x000000000f76a7b4
Event: 47.174 Thread 0x000000000027f000 DEOPT PACKING pc=0x000000000f76a7b4 sp=0x000000000278e140
Event: 47.174 Thread 0x000000000027f000 DEOPT UNPACKING pc=0x000000000f05583b sp=0x000000000278e1b8 mode 2


Dynamic libraries:
0x000000013f970000 - 0x000000013f9a7000 	C:\Program Files\Java\jdk1.8.0_161\bin\java.exe
0x0000000077a70000 - 0x0000000077c19000 	C:\Windows\SYSTEM32\ntdll.dll
0x000007fef6260000 - 0x000007fef6294000 	C:\Program Files (x86)\AVG\Antivirus\x64\aswhooka.dll
0x0000000077950000 - 0x0000000077a6f000 	C:\Windows\system32\kernel32.dll
0x000007fefdbf0000 - 0x000007fefdc5c000 	C:\Windows\system32\KERNELBASE.dll
0x000007fefdd00000 - 0x000007fefdddb000 	C:\Windows\system32\ADVAPI32.dll
0x000007feff4d0000 - 0x000007feff56f000 	C:\Windows\system32\msvcrt.dll
0x000007fefdc60000 - 0x000007fefdc7f000 	C:\Windows\SYSTEM32\sechost.dll
0x000007fefde30000 - 0x000007fefdf5d000 	C:\Windows\system32\RPCRT4.dll
0x0000000077850000 - 0x000000007794a000 	C:\Windows\system32\USER32.dll
0x000007feff910000 - 0x000007feff977000 	C:\Windows\system32\GDI32.dll
0x000007feff610000 - 0x000007feff61e000 	C:\Windows\system32\LPK.dll
0x000007fefe1e0000 - 0x000007fefe2a9000 	C:\Windows\system32\USP10.dll
0x000007fefbea0000 - 0x000007fefc094000 	C:\Windows\WinSxS\amd64_microsoft.windows.common-controls_6595b64144ccf1df_6.0.7601.17514_none_fa396087175ac9ac\COMCTL32.dll
0x000007feffca0000 - 0x000007feffd11000 	C:\Windows\system32\SHLWAPI.dll
0x000007fefe1b0000 - 0x000007fefe1de000 	C:\Windows\system32\IMM32.DLL
0x000007feff980000 - 0x000007feffa89000 	C:\Windows\system32\MSCTF.dll
0x000007fefd7e0000 - 0x000007fefd80f000 	C:\Windows\system32\nvinitx.dll
0x000000000f000000 - 0x000000000f006000 	C:\Program Files\NVIDIA Corporation\CoProcManager\detoured.dll
0x000007fef9230000 - 0x000007fef9263000 	C:\Program Files\NVIDIA Corporation\CoProcManager\nvd3d9wrapx.dll
0x000007fefe2b0000 - 0x000007fefe487000 	C:\Windows\system32\SETUPAPI.dll
0x000007fefd9c0000 - 0x000007fefd9f6000 	C:\Windows\system32\CFGMGR32.dll
0x000007feff820000 - 0x000007feff8f7000 	C:\Windows\system32\OLEAUT32.dll
0x000007feffa90000 - 0x000007feffc93000 	C:\Windows\system32\ole32.dll
0x000007fefd990000 - 0x000007fefd9aa000 	C:\Windows\system32\DEVOBJ.dll
0x000007fef9200000 - 0x000007fef9223000 	C:\Program Files\NVIDIA Corporation\CoProcManager\nvdxgiwrapx.dll
0x0000000071340000 - 0x0000000071412000 	C:\Program Files\Java\jdk1.8.0_161\jre\bin\msvcr100.dll
0x0000000064090000 - 0x000000006492f000 	C:\Program Files\Java\jdk1.8.0_161\jre\bin\server\jvm.dll
0x000007fef3450000 - 0x000007fef3459000 	C:\Windows\system32\WSOCK32.dll
0x000007fefdde0000 - 0x000007fefde2d000 	C:\Windows\system32\WS2_32.dll
0x000007feff900000 - 0x000007feff908000 	C:\Windows\system32\NSI.dll
0x000007fefb760000 - 0x000007fefb79b000 	C:\Windows\system32\WINMM.dll
0x000007fefc960000 - 0x000007fefc96c000 	C:\Windows\system32\VERSION.dll
0x0000000077c40000 - 0x0000000077c47000 	C:\Windows\system32\PSAPI.DLL
0x0000000071690000 - 0x000000007169f000 	C:\Program Files\Java\jdk1.8.0_161\jre\bin\verify.dll
0x0000000071660000 - 0x0000000071689000 	C:\Program Files\Java\jdk1.8.0_161\jre\bin\java.dll
0x0000000071640000 - 0x0000000071656000 	C:\Program Files\Java\jdk1.8.0_161\jre\bin\zip.dll
0x000007fefe490000 - 0x000007feff218000 	C:\Windows\system32\SHELL32.dll
0x000007fefd8b0000 - 0x000007fefd8bf000 	C:\Windows\system32\profapi.dll
0x0000000071620000 - 0x000000007163a000 	C:\Program Files\Java\jdk1.8.0_161\jre\bin\net.dll
0x000007fefd050000 - 0x000007fefd0a5000 	C:\Windows\system32\mswsock.dll
0x000007fefd040000 - 0x000007fefd047000 	C:\Windows\System32\wship6.dll
0x0000000071600000 - 0x0000000071611000 	C:\Program Files\Java\jdk1.8.0_161\jre\bin\nio.dll

VM Arguments:
jvm_args: -Dclassworlds.conf=C:/Program Files (x86)/apache-maven-3.2.5/bin/m2.conf -Dmaven.home=C:/Program Files (x86)/apache-maven-3.2.5 
java_command: org.codehaus.plexus.classworlds.launcher.Launcher clean
java_class_path (initial): C:/Program Files (x86)/apache-maven-3.2.5/boot/plexus-classworlds-2.5.2.jar
Launcher Type: SUN_STANDARD

Environment Variables:
JAVA_HOME=C:/Program Files/Java/jdk1.8.0_161
CLASSPATH=C:\Program Files (x86)\Java\jre7\lib\ext\QTJava.zip
PATH=C:\Users\Mirage\bin;C:\Program Files\Git\mingw64\bin;C:\Program Files\Git\usr\local\bin;C:\Program Files\Git\usr\bin;C:\Program Files\Git\usr\bin;C:\Program Files\Git\mingw64\bin;C:\Program Files\Git\usr\bin;C:\Users\Mirage\bin;C:\ProgramData\Oracle\Java\javapath;C:\oraclexe\app\oracle\product\10.2.0\server\bin;C:\Program Files (x86)\NVIDIA Corporation\PhysX\Common;C:\Windows\system32;C:\Windows;C:\Windows\System32\Wbem;C:\Windows\System32\WindowsPowerShell\v1.0;C:\Program Files (x86)\QuickTime\QTSystem;C:\Program Files\Java\jdk1.8.0_161\bin;C:\wamp\bin\php\php5.4.12;C:\Program Files (x86)\apache-maven-3.2.5\bin;C:\Program Files (x86)\MiKTeX 2.9\miktex\bin;C:\apache-tomcat-8.5.29bin;C:\Program Files (x86)\Skype\Phone;C:\Program Files\nodejs;C:\Program Files\Git\cmd;C:\Program Files\Microsoft VS Code\bin;C:\Users\Mirage\AppData\Roaming\npm;C:\Program Files\Git\usr\bin\vendor_perl;C:\Program Files\Git\usr\bin\core_perl
USERNAME=Mirage
SHELL=C:\Program Files\Git\usr\bin\bash.exe
DISPLAY=needs-to-be-defined
OS=Windows_NT
PROCESSOR_IDENTIFIER=Intel64 Family 6 Model 42 Stepping 7, GenuineIntel



---------------  S Y S T E M  ---------------

OS: Windows 7 , 64 bit Build 7601 (6.1.7601.18409)

CPU:total 8 (initial active 8) (4 cores per cpu, 2 threads per core) family 6 model 42 stepping 7, cmov, cx8, fxsr, mmx, sse, sse2, sse3, ssse3, sse4.1, sse4.2, popcnt, avx, aes, clmul, ht, tsc, tscinvbit

Memory: 4k page, physical 6196392k(788852k free), swap 8754528k(5300k free)

vm_info: Java HotSpot(TM) 64-Bit Server VM (25.161-b12) for windows-amd64 JRE (1.8.0_161-b12), built on Dec 19 2017 17:52:25 by "java_re" with MS VC++ 10.0 (VS2010)

time: Sat Apr 21 22:01:58 2018
elapsed time: 47 seconds (0d 0h 0m 47s)

